<?xml version="1.0" encoding="utf-8"?><testsuites name="pytest tests"><testsuite name="pytest" errors="0" failures="0" skipped="2" tests="24" time="7.128" timestamp="2026-04-25T12:48:19.887721+00:00" hostname="agent-env-37a9483b-f258-401a-afdf-0d2f92161e9a"><testcase classname="backend.tests.test_crackerpro.TestAuth" name="test_login_admin_success" time="0.444" /><testcase classname="backend.tests.test_crackerpro.TestAuth" name="test_login_invalid_password" time="0.326" /><testcase classname="backend.tests.test_crackerpro.TestAuth" name="test_me_endpoint" time="0.450" /><testcase classname="backend.tests.test_crackerpro.TestAuth" name="test_me_unauthenticated" time="0.104" /><testcase classname="backend.tests.test_crackerpro.TestDashboard" name="test_summary_structure" time="0.100" /><testcase classname="backend.tests.test_crackerpro.TestMasters" name="test_list_customers" time="0.103" /><testcase classname="backend.tests.test_crackerpro.TestMasters" name="test_list_employees" time="0.105" /><testcase classname="backend.tests.test_crackerpro.TestMasters" name="test_list_suppliers" time="0.109" /><testcase classname="backend.tests.test_crackerpro.TestMasters" name="test_customer_crud" time="0.332" /><testcase classname="backend.tests.test_crackerpro.TestProjects" name="test_list_projects_seeded" time="0.100" /><testcase classname="backend.tests.test_crackerpro.TestProjects" name="test_filter_by_stage_and_search" time="0.245" /><testcase classname="backend.tests.test_crackerpro.TestProjects" name="test_get_one_project" time="0.206" /><testcase classname="backend.tests.test_crackerpro.TestProjects" name="test_create_update_project" time="0.422" /><testcase classname="backend.tests.test_crackerpro.TestProjects" name="test_transition_creates_low_margin_approval" time="0.114"><skipped type="pytest.skip" message="No low margin pipeline project to test approval rule">/app/backend/tests/test_crackerpro.py:162: No low margin pipeline project to test approval rule</skipped></testcase><testcase classname="backend.tests.test_crackerpro.TestLines" name="test_revenue_and_cost_lines" time="0.556" /><testcase classname="backend.tests.test_crackerpro.TestExcel" name="test_template_download" time="0.160" /><testcase classname="backend.tests.test_crackerpro.TestExcel" name="test_upload_customer_excel" time="0.481" /><testcase classname="backend.tests.test_crackerpro.TestApprovals" name="test_list_rules" time="0.095" /><testcase classname="backend.tests.test_crackerpro.TestApprovals" name="test_rule_crud" time="0.315" /><testcase classname="backend.tests.test_crackerpro.TestApprovals" name="test_approve_pending_request" time="0.101"><skipped type="pytest.skip" message="No pending requests to approve">/app/backend/tests/test_crackerpro.py:262: No pending requests to approve</skipped></testcase><testcase classname="backend.tests.test_crackerpro.TestAudit" name="test_audit_listing" time="0.103" /><testcase classname="backend.tests.test_crackerpro.TestAudit" name="test_audit_filter_entity" time="0.117" /><testcase classname="backend.tests.test_crackerpro.TestAdminUsers" name="test_create_user_and_reset" time="1.217" /><testcase classname="backend.tests.test_crackerpro.TestBruteForce" name="test_lockout_after_repeated_attempts" time="0.718" /></testsuite></testsuites>